ISim log file
Running: C:\Users\greenkt\Desktop\Flash Drive contents\VGA\VGA_TB_isim_beh.exe -gui -tclbatch isim.cmd -wdb C:/Users/greenkt/Desktop/Flash Drive contents/VGA/VGA_TB_isim_beh.wdb 
ISim M.63c (signature 0xb869381d)
WARNING: A WEBPACK license was found.
WARNING: Please use Xilinx License Configuration Manager to check out a full ISim license.
WARNING: ISim will run in Lite mode. Please refer to the ISim documentation for more information on the differences between the Lite and the Full version.
This is a Lite version of ISim.
Time resolution is 1 ps
# onerror resume
# wave add /
# run 1000 ns
Simulator is doing circuit initialization process.
 Block Memory Generator CORE Generator module loading initial data...
 Block Memory Generator data initialization complete.
Block Memory Generator CORE Generator module VGA_TB.uut.u1.inst.blk_mem_gen_v4_2_inst is using a behavioral model for simulation which will not precisely model memory collision behavior.
Finished circuit initialization process.
# restart
# run all
Simulator is doing circuit initialization process.
 Block Memory Generator CORE Generator module loading initial data...
 Block Memory Generator data initialization complete.
Block Memory Generator CORE Generator module VGA_TB.uut.u1.inst.blk_mem_gen_v4_2_inst is using a behavioral model for simulation which will not precisely model memory collision behavior.
Finished circuit initialization process.
Stopped at time : 100000100 ns : File "C:/Users/greenkt/Desktop/Flash Drive contents/VGA/VGA_TB.v" Line 56
