Running: C:\Xilinx\12.2\ISE_DS\ISE\bin\nt\unwrapped\fuse.exe -intstyle ise -incremental -lib unisims_ver -lib unimacro_ver -lib xilinxcorelib_ver -o C:/Users/greenkt/Desktop/Keyboard/Keyboard/OddParity_TB_isim_beh.exe -prj C:/Users/greenkt/Desktop/Keyboard/Keyboard/OddParity_TB_beh.prj work.OddParity_TB work.glbl 
ISim M.63c (signature 0xb869381d)
Number of CPUs detected in this system: 2
Turning on mult-threading, number of parallel sub-compilation jobs: 4 
Determining compilation order of HDL files
Analyzing Verilog file \"C:/Users/greenkt/Desktop/Keyboard/Keyboard/OddParity.v\" into library work
Analyzing Verilog file \"C:/Users/greenkt/Desktop/Keyboard/Keyboard/OddParity_TB.v\" into library work
Analyzing Verilog file \"C:/Xilinx/12.2/ISE_DS/ISE//verilog/src/glbl.v\" into library work
Starting static elaboration
Completed static elaboration
Fuse Memory Usage: 95088 KB
Fuse CPU Usage: 265 ms
Compiling module OddParity
Compiling module OddParity_TB
Compiling module glbl
Time Resolution for simulation is 1ps.
Waiting for 1 sub-compilation(s) to finish...
Compiled 3 Verilog Units
Built simulation executable C:/Users/greenkt/Desktop/Keyboard/Keyboard/OddParity_TB_isim_beh.exe
Fuse Memory Usage: 99680 KB
Fuse CPU Usage: 311 ms
