Running: C:\Xilinx\12.2\ISE_DS\ISE\bin\nt\unwrapped\fuse.exe -intstyle ise -incremental -lib unisims_ver -lib unimacro_ver -lib xilinxcorelib_ver -o G:/SDCardReader/SDcard_TB_isim_beh.exe -prj G:/SDCardReader/SDcard_TB_beh.prj work.SDcard_TB work.glbl 
ISim M.63c (signature 0xb869381d)
Number of CPUs detected in this system: 2
Turning on mult-threading, number of parallel sub-compilation jobs: 4 
Determining compilation order of HDL files
Analyzing Verilog file \"G:/SDCardReader/ipcore_dir/SDtempRAM.v\" into library work
Analyzing Verilog file \"G:/SDCardReader/sendSD.v\" into library work
Analyzing Verilog file \"G:/SDCardReader/receiveSD.v\" into library work
Analyzing Verilog file \"G:/SDCardReader/blockReceiveSD.v\" into library work
Analyzing Verilog file \"G:/SDCardReader/ExecuteCommand.v\" into library work
Analyzing Verilog file \"G:/SDCardReader/SDCardReader.v\" into library work
Analyzing Verilog file \"G:/SDCardReader/LEDDriver.v\" into library work
Analyzing Verilog file \"G:/SDCardReader/SDCard.v\" into library work
Analyzing Verilog file \"G:/SDCardReader/SDcard_TB.v\" into library work
Analyzing Verilog file \"C:/Xilinx/12.2/ISE_DS/ISE//verilog/src/glbl.v\" into library work
Starting static elaboration
Completed static elaboration
Fuse Memory Usage: 95248 KB
Fuse CPU Usage: 404 ms
Compiling module sendSD
Compiling module receiveSD
Compiling module blockReceiveSD
Compiling module ExecuteCommand
Compiling module SDCardReader
Compiling module LEDDriver
Compiling module BLK_MEM_GEN_V4_2_output_stage(C_...
Compiling module BLK_MEM_GEN_V4_2_softecc_output_...
Compiling module BLK_MEM_GEN_V4_2_mem_module(C_CO...
Compiling module BLK_MEM_GEN_V4_2(C_FAMILY="spart...
Compiling module SDtempRAM
Compiling module SDCard
Compiling module SDcard_TB
Compiling module glbl
Time Resolution for simulation is 1ps.
Waiting for 3 sub-compilation(s) to finish...
Compiled 14 Verilog Units
Built simulation executable G:/SDCardReader/SDcard_TB_isim_beh.exe
Fuse Memory Usage: 101564 KB
Fuse CPU Usage: 811 ms
