Release 12.2 - xst M.63c (nt)
Copyright (c) 1995-2010 Xilinx, Inc.  All rights reserved.
--> Parameter TMPDIR set to xst/projnav.tmp


Total REAL time to Xst completion: 1.00 secs
Total CPU time to Xst completion: 0.16 secs
 
--> Parameter xsthdpdir set to xst


Total REAL time to Xst completion: 1.00 secs
Total CPU time to Xst completion: 0.16 secs
 
--> Reading design: SDCardReader.prj

TABLE OF CONTENTS
  1) Synthesis Options Summary
  2) HDL Compilation
  3) Design Hierarchy Analysis
  4) HDL Analysis
  5) HDL Synthesis
     5.1) HDL Synthesis Report
  6) Advanced HDL Synthesis
     6.1) Advanced HDL Synthesis Report
  7) Low Level Synthesis
  8) Partition Report
  9) Final Report
	9.1) Device utilization summary
	9.2) Partition Resource Summary
	9.3) TIMING REPORT


=========================================================================
*                      Synthesis Options Summary                        *
=========================================================================
---- Source Parameters
Input File Name                    : "SDCardReader.prj"
Input Format                       : mixed
Ignore Synthesis Constraint File   : NO

---- Target Parameters
Output File Name                   : "SDCardReader"
Output Format                      : NGC
Target Device                      : xc3s500e-4-fg320

---- Source Options
Top Module Name                    : SDCardReader
Automatic FSM Extraction           : YES
FSM Encoding Algorithm             : Auto
Safe Implementation                : No
FSM Style                          : LUT
RAM Extraction                     : Yes
RAM Style                          : Auto
ROM Extraction                     : Yes
Mux Style                          : Auto
Decoder Extraction                 : YES
Priority Encoder Extraction        : Yes
Shift Register Extraction          : YES
Logical Shifter Extraction         : YES
XOR Collapsing                     : YES
ROM Style                          : Auto
Mux Extraction                     : Yes
Resource Sharing                   : YES
Asynchronous To Synchronous        : NO
Multiplier Style                   : Auto
Automatic Register Balancing       : No

---- Target Options
Add IO Buffers                     : YES
Global Maximum Fanout              : 500
Add Generic Clock Buffer(BUFG)     : 24
Register Duplication               : YES
Slice Packing                      : YES
Optimize Instantiated Primitives   : NO
Use Clock Enable                   : Yes
Use Synchronous Set                : Yes
Use Synchronous Reset              : Yes
Pack IO Registers into IOBs        : Auto
Equivalent register Removal        : YES

---- General Options
Optimization Goal                  : Speed
Optimization Effort                : 1
Keep Hierarchy                     : No
Netlist Hierarchy                  : As_Optimized
RTL Output                         : Yes
Global Optimization                : AllClockNets
Read Cores                         : YES
Write Timing Constraints           : NO
Cross Clock Analysis               : NO
Hierarchy Separator                : /
Bus Delimiter                      : <>
Case Specifier                     : Maintain
Slice Utilization Ratio            : 100
BRAM Utilization Ratio             : 100
Verilog 2001                       : YES
Auto BRAM Packing                  : NO
Slice Utilization Ratio Delta      : 5

---- Other Options
Cores Search Directories           : {"ipcore_dir"  }

=========================================================================


=========================================================================
*                          HDL Compilation                              *
=========================================================================
Compiling verilog file "ipcore_dir/SDtempRAM.v" in library work
Compiling verilog file "sendSD.v" in library work
Module <SDtempRAM> compiled
Compiling verilog file "receiveSD.v" in library work
Module <sendSD> compiled
Compiling verilog file "blockReceiveSD.v" in library work
Module <receiveSD> compiled
Compiling verilog file "ExecuteCommand.v" in library work
Module <blockReceiveSD> compiled
Compiling verilog file "SDCardReader.v" in library work
Module <ExecuteCommand> compiled
Module <SDCardReader> compiled
No errors in compilation
Analysis of file <"SDCardReader.prj"> succeeded.
 

=========================================================================
*                     Design Hierarchy Analysis                         *
=========================================================================
Analyzing hierarchy for module <SDCardReader> in library <work> with parameters.
	maxClock = "00111110"

Analyzing hierarchy for module <ExecuteCommand> in library <work>.

Analyzing hierarchy for module <sendSD> in library <work>.

Analyzing hierarchy for module <receiveSD> in library <work>.

Analyzing hierarchy for module <blockReceiveSD> in library <work> with parameters.
	maxCount = "111111111111"


=========================================================================
*                            HDL Analysis                               *
=========================================================================
Analyzing top module <SDCardReader>.
	maxClock = 8'b00111110
WARNING:Xst:2211 - "ipcore_dir/SDtempRAM.v" line 63: Instantiating black box module <SDtempRAM>.
Module <SDCardReader> is correct for synthesis.
 
Analyzing module <ExecuteCommand> in library <work>.
Module <ExecuteCommand> is correct for synthesis.
 
Analyzing module <sendSD> in library <work>.
Module <sendSD> is correct for synthesis.
 
Analyzing module <receiveSD> in library <work>.
Module <receiveSD> is correct for synthesis.
 
Analyzing module <blockReceiveSD> in library <work>.
	maxCount = 12'b111111111111
Module <blockReceiveSD> is correct for synthesis.
 

=========================================================================
*                           HDL Synthesis                               *
=========================================================================

Performing bidirectional port resolution...

Synthesizing Unit <sendSD>.
    Related source file is "sendSD.v".
    Found 1-bit 48-to-1 multiplexer for signal <$varindex0000> created at line 28.
    Found 6-bit register for signal <count>.
    Found 6-bit subtractor for signal <count$addsub0000> created at line 40.
    Found 48-bit register for signal <dataOut>.
    Summary:
	inferred  54 D-type flip-flop(s).
	inferred   1 Adder/Subtractor(s).
	inferred   1 Multiplexer(s).
Unit <sendSD> synthesized.


Synthesizing Unit <receiveSD>.
    Related source file is "receiveSD.v".
INFO:Xst:2117 - HDL ADVISOR - Mux Selector <state> of Case statement line 51 was re-encoded using one-hot encoding. The case statement will be optimized (default statement optimization), but this optimization may lead to design initialization problems. To ensure the design works safely, you can:
   	- add an 'INIT' attribute on signal <state> (optimization is then done without any risk)
   	- use the attribute 'signal_encoding user' to avoid onehot optimization
   	- use the attribute 'safe_implementation yes' to force XST to perform a safe (but less efficient) optimization
    Found finite state machine <FSM_0> for signal <state>.
    -----------------------------------------------------------------------
    | States             | 4                                              |
    | Transitions        | 7                                              |
    | Inputs             | 3                                              |
    | Outputs            | 3                                              |
    | Clock              | clock                     (rising_edge)        |
    | Reset              | reset                     (positive)           |
    | Reset type         | asynchronous                                   |
    | Reset State        | 00                                             |
    | Encoding           | automatic                                      |
    | Implementation     | LUT                                            |
    -----------------------------------------------------------------------
    Found 8-bit register for signal <received>.
    Found 3-bit register for signal <count>.
    Found 3-bit subtractor for signal <count$addsub0000> created at line 47.
    Summary:
	inferred   1 Finite State Machine(s).
	inferred  11 D-type flip-flop(s).
	inferred   1 Adder/Subtractor(s).
Unit <receiveSD> synthesized.


Synthesizing Unit <blockReceiveSD>.
    Related source file is "blockReceiveSD.v".
    Found 12-bit up counter for signal <count>.
    Found 1-bit register for signal <state>.
    Found 16-bit register for signal <value>.
    Summary:
	inferred   1 Counter(s).
	inferred  17 D-type flip-flop(s).
Unit <blockReceiveSD> synthesized.


Synthesizing Unit <ExecuteCommand>.
    Related source file is "ExecuteCommand.v".
    Found finite state machine <FSM_1> for signal <state>.
    -----------------------------------------------------------------------
    | States             | 6                                              |
    | Transitions        | 11                                             |
    | Inputs             | 5                                              |
    | Outputs            | 5                                              |
    | Clock              | clk400                    (rising_edge)        |
    | Reset              | reset                     (positive)           |
    | Reset type         | asynchronous                                   |
    | Reset State        | 0000                                           |
    | Encoding           | automatic                                      |
    | Implementation     | LUT                                            |
    -----------------------------------------------------------------------
    Summary:
	inferred   1 Finite State Machine(s).
Unit <ExecuteCommand> synthesized.


Synthesizing Unit <SDCardReader>.
    Related source file is "SDCardReader.v".
WARNING:Xst:646 - Signal <response<7:1>> is assigned but never used. This unconnected signal will be trimmed during the optimization process.
WARNING:Xst:646 - Signal <casheValueOut> is assigned but never used. This unconnected signal will be trimmed during the optimization process.
WARNING:Xst:653 - Signal <casheAddressOut> is used but never assigned. This sourceless signal will be automatically connected to value 00000000.
    Found finite state machine <FSM_2> for signal <state>.
    -----------------------------------------------------------------------
    | States             | 16                                             |
    | Transitions        | 23                                             |
    | Inputs             | 3                                              |
    | Outputs            | 17                                             |
    | Clock              | clk400                    (rising_edge)        |
    | Reset              | reset                     (positive)           |
    | Reset type         | asynchronous                                   |
    | Reset State        | 00000                                          |
    | Encoding           | automatic                                      |
    | Implementation     | LUT                                            |
    -----------------------------------------------------------------------
    Found 1-bit register for signal <SDcs>.
    Found 1-bit register for signal <clk400>.
    Found 8-bit up counter for signal <clockCounter>.
    Found 8-bit register for signal <delayCounter>.
    Found 8-bit subtractor for signal <delayCounter$addsub0000> created at line 99.
    Summary:
	inferred   1 Finite State Machine(s).
	inferred   1 Counter(s).
	inferred  10 D-type flip-flop(s).
	inferred   1 Adder/Subtractor(s).
Unit <SDCardReader> synthesized.


=========================================================================
HDL Synthesis Report

Macro Statistics
# Adders/Subtractors                                   : 3
 3-bit subtractor                                      : 1
 6-bit subtractor                                      : 1
 8-bit subtractor                                      : 1
# Counters                                             : 2
 12-bit up counter                                     : 1
 8-bit up counter                                      : 1
# Registers                                            : 9
 1-bit register                                        : 3
 16-bit register                                       : 1
 3-bit register                                        : 1
 48-bit register                                       : 1
 6-bit register                                        : 1
 8-bit register                                        : 2
# Multiplexers                                         : 1
 1-bit 48-to-1 multiplexer                             : 1

=========================================================================

=========================================================================
*                       Advanced HDL Synthesis                          *
=========================================================================

Analyzing FSM <FSM_2> for best encoding.
Optimizing FSM <state/FSM> on signal <state[1:16]> with one-hot encoding.
---------------------------
 State | Encoding
---------------------------
 00000 | 0000000000000001
 00001 | 0000000000000010
 00010 | 0000000000000100
 00011 | 0000000000001000
 00100 | 0000000000010000
 00101 | 0000000000100000
 00110 | 0000000001000000
 00111 | 0000000010000000
 01000 | 0000000100000000
 01001 | 0000001000000000
 01010 | 0000010000000000
 01011 | 0000100000000000
 01100 | 0001000000000000
 01101 | 0010000000000000
 01110 | 0100000000000000
 01111 | 1000000000000000
---------------------------
Analyzing FSM <FSM_1> for best encoding.
Optimizing FSM <u0/state/FSM> on signal <state[1:6]> with one-hot encoding.
-------------------
 State | Encoding
-------------------
 0000  | 000001
 0001  | 000010
 0010  | 000100
 0011  | 001000
 0100  | 010000
 0101  | 100000
-------------------
Analyzing FSM <FSM_0> for best encoding.
Optimizing FSM <u0/u1/state/FSM> on signal <state[1:2]> with gray encoding.
-------------------
 State | Encoding
-------------------
 00    | 00
 01    | 01
 10    | 11
 11    | 10
-------------------
Reading core <ipcore_dir/SDtempRAM.ngc>.
Loading core <SDtempRAM> for timing and area information for instance <u1>.
INFO:Xst:2261 - The FF/Latch <dataOut_1> in Unit <u0> is equivalent to the following 36 FFs/Latches, which will be removed : <dataOut_3> <dataOut_5> <dataOut_6> <dataOut_8> <dataOut_9> <dataOut_10> <dataOut_11> <dataOut_12> <dataOut_13> <dataOut_14> <dataOut_15> <dataOut_16> <dataOut_17> <dataOut_18> <dataOut_19> <dataOut_20> <dataOut_21> <dataOut_22> <dataOut_23> <dataOut_24> <dataOut_25> <dataOut_26> <dataOut_27> <dataOut_28> <dataOut_29> <dataOut_30> <dataOut_31> <dataOut_32> <dataOut_33> <dataOut_34> <dataOut_35> <dataOut_36> <dataOut_37> <dataOut_38> <dataOut_39> <dataOut_47> 
INFO:Xst:2261 - The FF/Latch <dataOut_0> in Unit <u0> is equivalent to the following 4 FFs/Latches, which will be removed : <dataOut_2> <dataOut_4> <dataOut_7> <dataOut_46> 
WARNING:Xst:1710 - FF/Latch <dataOut_1> (without init value) has a constant value of 0 in block <u0>. This FF/Latch will be trimmed during the optimization process.
WARNING:Xst:2677 - Node <received_1> of sequential type is unconnected in block <u1>.
WARNING:Xst:2677 - Node <received_2> of sequential type is unconnected in block <u1>.
WARNING:Xst:2677 - Node <received_3> of sequential type is unconnected in block <u1>.
WARNING:Xst:2677 - Node <received_4> of sequential type is unconnected in block <u1>.
WARNING:Xst:2677 - Node <received_5> of sequential type is unconnected in block <u1>.
WARNING:Xst:2677 - Node <received_6> of sequential type is unconnected in block <u1>.
WARNING:Xst:2677 - Node <received_7> of sequential type is unconnected in block <u1>.
WARNING:Xst:2404 -  FFs/Latches <dataOut<47:47>> (without init value) have a constant value of 0 in block <sendSD>.

=========================================================================
Advanced HDL Synthesis Report

Macro Statistics
# FSMs                                                 : 3
# Adders/Subtractors                                   : 3
 3-bit subtractor                                      : 1
 6-bit subtractor                                      : 1
 8-bit subtractor                                      : 1
# Counters                                             : 2
 12-bit up counter                                     : 1
 8-bit up counter                                      : 1
# Registers                                            : 91
 Flip-Flops                                            : 91
# Multiplexers                                         : 1
 1-bit 48-to-1 multiplexer                             : 1

=========================================================================

=========================================================================
*                         Low Level Synthesis                           *
=========================================================================
WARNING:Xst:1710 - FF/Latch <dataOut_22> (without init value) has a constant value of 0 in block <sendSD>. This FF/Latch will be trimmed during the optimization process.
WARNING:Xst:1895 - Due to other FF/Latch trimming, FF/Latch <dataOut_23> (without init value) has a constant value of 0 in block <sendSD>. This FF/Latch will be trimmed during the optimization process.
WARNING:Xst:1895 - Due to other FF/Latch trimming, FF/Latch <dataOut_24> (without init value) has a constant value of 0 in block <sendSD>. This FF/Latch will be trimmed during the optimization process.
WARNING:Xst:1895 - Due to other FF/Latch trimming, FF/Latch <dataOut_25> (without init value) has a constant value of 0 in block <sendSD>. This FF/Latch will be trimmed during the optimization process.
WARNING:Xst:1895 - Due to other FF/Latch trimming, FF/Latch <dataOut_26> (without init value) has a constant value of 0 in block <sendSD>. This FF/Latch will be trimmed during the optimization process.
WARNING:Xst:1895 - Due to other FF/Latch trimming, FF/Latch <dataOut_27> (without init value) has a constant value of 0 in block <sendSD>. This FF/Latch will be trimmed during the optimization process.
WARNING:Xst:1895 - Due to other FF/Latch trimming, FF/Latch <dataOut_28> (without init value) has a constant value of 0 in block <sendSD>. This FF/Latch will be trimmed during the optimization process.
WARNING:Xst:1895 - Due to other FF/Latch trimming, FF/Latch <dataOut_29> (without init value) has a constant value of 0 in block <sendSD>. This FF/Latch will be trimmed during the optimization process.
WARNING:Xst:1895 - Due to other FF/Latch trimming, FF/Latch <dataOut_30> (without init value) has a constant value of 0 in block <sendSD>. This FF/Latch will be trimmed during the optimization process.
WARNING:Xst:1895 - Due to other FF/Latch trimming, FF/Latch <dataOut_31> (without init value) has a constant value of 0 in block <sendSD>. This FF/Latch will be trimmed during the optimization process.
WARNING:Xst:1895 - Due to other FF/Latch trimming, FF/Latch <dataOut_32> (without init value) has a constant value of 0 in block <sendSD>. This FF/Latch will be trimmed during the optimization process.
WARNING:Xst:1895 - Due to other FF/Latch trimming, FF/Latch <dataOut_33> (without init value) has a constant value of 0 in block <sendSD>. This FF/Latch will be trimmed during the optimization process.
WARNING:Xst:1895 - Due to other FF/Latch trimming, FF/Latch <dataOut_34> (without init value) has a constant value of 0 in block <sendSD>. This FF/Latch will be trimmed during the optimization process.
WARNING:Xst:1895 - Due to other FF/Latch trimming, FF/Latch <dataOut_35> (without init value) has a constant value of 0 in block <sendSD>. This FF/Latch will be trimmed during the optimization process.
WARNING:Xst:1895 - Due to other FF/Latch trimming, FF/Latch <dataOut_36> (without init value) has a constant value of 0 in block <sendSD>. This FF/Latch will be trimmed during the optimization process.
WARNING:Xst:1895 - Due to other FF/Latch trimming, FF/Latch <dataOut_37> (without init value) has a constant value of 0 in block <sendSD>. This FF/Latch will be trimmed during the optimization process.
WARNING:Xst:1895 - Due to other FF/Latch trimming, FF/Latch <dataOut_38> (without init value) has a constant value of 0 in block <sendSD>. This FF/Latch will be trimmed during the optimization process.
WARNING:Xst:1895 - Due to other FF/Latch trimming, FF/Latch <dataOut_39> (without init value) has a constant value of 0 in block <sendSD>. This FF/Latch will be trimmed during the optimization process.
WARNING:Xst:1895 - Due to other FF/Latch trimming, FF/Latch <dataOut_1> (without init value) has a constant value of 0 in block <sendSD>. This FF/Latch will be trimmed during the optimization process.
WARNING:Xst:1895 - Due to other FF/Latch trimming, FF/Latch <dataOut_3> (without init value) has a constant value of 0 in block <sendSD>. This FF/Latch will be trimmed during the optimization process.
WARNING:Xst:1895 - Due to other FF/Latch trimming, FF/Latch <dataOut_5> (without init value) has a constant value of 0 in block <sendSD>. This FF/Latch will be trimmed during the optimization process.
WARNING:Xst:1895 - Due to other FF/Latch trimming, FF/Latch <dataOut_6> (without init value) has a constant value of 0 in block <sendSD>. This FF/Latch will be trimmed during the optimization process.
WARNING:Xst:1895 - Due to other FF/Latch trimming, FF/Latch <dataOut_8> (without init value) has a constant value of 0 in block <sendSD>. This FF/Latch will be trimmed during the optimization process.
WARNING:Xst:1895 - Due to other FF/Latch trimming, FF/Latch <dataOut_9> (without init value) has a constant value of 0 in block <sendSD>. This FF/Latch will be trimmed during the optimization process.
WARNING:Xst:1895 - Due to other FF/Latch trimming, FF/Latch <dataOut_10> (without init value) has a constant value of 0 in block <sendSD>. This FF/Latch will be trimmed during the optimization process.
WARNING:Xst:1895 - Due to other FF/Latch trimming, FF/Latch <dataOut_11> (without init value) has a constant value of 0 in block <sendSD>. This FF/Latch will be trimmed during the optimization process.
WARNING:Xst:1895 - Due to other FF/Latch trimming, FF/Latch <dataOut_12> (without init value) has a constant value of 0 in block <sendSD>. This FF/Latch will be trimmed during the optimization process.
WARNING:Xst:1895 - Due to other FF/Latch trimming, FF/Latch <dataOut_13> (without init value) has a constant value of 0 in block <sendSD>. This FF/Latch will be trimmed during the optimization process.
WARNING:Xst:1895 - Due to other FF/Latch trimming, FF/Latch <dataOut_14> (without init value) has a constant value of 0 in block <sendSD>. This FF/Latch will be trimmed during the optimization process.
WARNING:Xst:1895 - Due to other FF/Latch trimming, FF/Latch <dataOut_15> (without init value) has a constant value of 0 in block <sendSD>. This FF/Latch will be trimmed during the optimization process.
WARNING:Xst:1895 - Due to other FF/Latch trimming, FF/Latch <dataOut_16> (without init value) has a constant value of 0 in block <sendSD>. This FF/Latch will be trimmed during the optimization process.
WARNING:Xst:1895 - Due to other FF/Latch trimming, FF/Latch <dataOut_17> (without init value) has a constant value of 0 in block <sendSD>. This FF/Latch will be trimmed during the optimization process.
WARNING:Xst:1895 - Due to other FF/Latch trimming, FF/Latch <dataOut_18> (without init value) has a constant value of 0 in block <sendSD>. This FF/Latch will be trimmed during the optimization process.
WARNING:Xst:1895 - Due to other FF/Latch trimming, FF/Latch <dataOut_19> (without init value) has a constant value of 0 in block <sendSD>. This FF/Latch will be trimmed during the optimization process.
WARNING:Xst:1895 - Due to other FF/Latch trimming, FF/Latch <dataOut_20> (without init value) has a constant value of 0 in block <sendSD>. This FF/Latch will be trimmed during the optimization process.
WARNING:Xst:1895 - Due to other FF/Latch trimming, FF/Latch <dataOut_21> (without init value) has a constant value of 0 in block <sendSD>. This FF/Latch will be trimmed during the optimization process.
INFO:Xst:2261 - The FF/Latch <dataOut_0> in Unit <sendSD> is equivalent to the following 4 FFs/Latches, which will be removed : <dataOut_2> <dataOut_4> <dataOut_7> <dataOut_46> 

Optimizing unit <SDCardReader> ...
WARNING:Xst:1710 - FF/Latch <delayCounter_7> (without init value) has a constant value of 0 in block <SDCardReader>. This FF/Latch will be trimmed during the optimization process.

Optimizing unit <sendSD> ...

Optimizing unit <receiveSD> ...

Optimizing unit <blockReceiveSD> ...
WARNING:Xst:2677 - Node <u0/u1/received_7> of sequential type is unconnected in block <SDCardReader>.
WARNING:Xst:2677 - Node <u0/u1/received_6> of sequential type is unconnected in block <SDCardReader>.
WARNING:Xst:2677 - Node <u0/u1/received_5> of sequential type is unconnected in block <SDCardReader>.
WARNING:Xst:2677 - Node <u0/u1/received_4> of sequential type is unconnected in block <SDCardReader>.
WARNING:Xst:2677 - Node <u0/u1/received_3> of sequential type is unconnected in block <SDCardReader>.
WARNING:Xst:2677 - Node <u0/u1/received_2> of sequential type is unconnected in block <SDCardReader>.
WARNING:Xst:2677 - Node <u0/u1/received_1> of sequential type is unconnected in block <SDCardReader>.

Mapping all equations...
Building and optimizing final netlist ...
INFO:Xst:2261 - The FF/Latch <u0/u0/dataOut_42> in Unit <SDCardReader> is equivalent to the following FF/Latch, which will be removed : <u0/u0/dataOut_41> 
Found area constraint ratio of 100 (+ 5) on block SDCardReader, actual ratio is 1.

Final Macro Processing ...

=========================================================================
Final Register Report

Macro Statistics
# Registers                                            : 86
 Flip-Flops                                            : 86

=========================================================================

=========================================================================
*                           Partition Report                            *
=========================================================================

Partition Implementation Status
-------------------------------

  No Partitions were found in this design.

-------------------------------

=========================================================================
*                            Final Report                               *
=========================================================================
Final Results
RTL Top Level Output File Name     : SDCardReader.ngr
Top Level Output File Name         : SDCardReader
Output Format                      : NGC
Optimization Goal                  : Speed
Keep Hierarchy                     : No

Design Statistics
# IOs                              : 7

Cell Usage :
# BELS                             : 168
#      GND                         : 2
#      INV                         : 2
#      LUT1                        : 7
#      LUT2                        : 24
#      LUT2_D                      : 1
#      LUT2_L                      : 4
#      LUT3                        : 27
#      LUT3_L                      : 8
#      LUT4                        : 38
#      LUT4_D                      : 5
#      LUT4_L                      : 7
#      MUXCY                       : 18
#      MUXF5                       : 3
#      VCC                         : 2
#      XORCY                       : 20
# FlipFlops/Latches                : 86
#      FDC                         : 75
#      FDCE                        : 8
#      FDP                         : 2
#      FDPE                        : 1
# RAMS                             : 1
#      RAMB16_S36_S36              : 1
# Clock Buffers                    : 2
#      BUFG                        : 1
#      BUFGP                       : 1
# IO Buffers                       : 6
#      IBUF                        : 2
#      OBUF                        : 4
=========================================================================

Device utilization summary:
---------------------------

Selected Device : 3s500efg320-4 

 Number of Slices:                       71  out of   4656     1%  
 Number of Slice Flip Flops:             86  out of   9312     0%  
 Number of 4 input LUTs:                123  out of   9312     1%  
 Number of IOs:                           7
 Number of bonded IOBs:                   7  out of    232     3%  
 Number of BRAMs:                         1  out of     20     5%  
 Number of GCLKs:                         2  out of     24     8%  

---------------------------
Partition Resource Summary:
---------------------------

  No Partitions were found in this design.

---------------------------


=========================================================================
TIMING REPORT

NOTE: THESE TIMING NUMBERS ARE ONLY A SYNTHESIS ESTIMATE.
      FOR ACCURATE TIMING INFORMATION PLEASE REFER TO THE TRACE REPORT
      GENERATED AFTER PLACE-and-ROUTE.

Clock Information:
------------------
-----------------------------------+------------------------+-------+
Clock Signal                       | Clock buffer(FF name)  | Load  |
-----------------------------------+------------------------+-------+
clk4001                            | BUFG                   | 78    |
clk50                              | BUFGP                  | 9     |
-----------------------------------+------------------------+-------+

Asynchronous Control Signals Information:
----------------------------------------
-----------------------------------+------------------------+-------+
Control Signal                     | Buffer(FF name)        | Load  |
-----------------------------------+------------------------+-------+
reset                              | IBUF                   | 86    |
-----------------------------------+------------------------+-------+

Timing Summary:
---------------
Speed Grade: -4

   Minimum period: 5.045ns (Maximum Frequency: 198.216MHz)
   Minimum input arrival time before clock: 2.992ns
   Maximum output required time after clock: 9.188ns
   Maximum combinational path delay: No path found

Timing Detail:
--------------
All values displayed in nanoseconds (ns)

=========================================================================
Timing constraint: Default period analysis for Clock 'clk4001'
  Clock period: 5.045ns (frequency: 198.216MHz)
  Total number of paths / destination ports: 538 / 107
-------------------------------------------------------------------------
Delay:               5.045ns (Levels of Logic = 3)
  Source:            delayCounter_1 (FF)
  Destination:       state_FSM_FFd11 (FF)
  Source Clock:      clk4001 rising
  Destination Clock: clk4001 rising

  Data Path: delayCounter_1 to state_FSM_FFd11
                                Gate     Net
    Cell:in->out      fanout   Delay   Delay  Logical Name (Net Name)
    ----------------------------------------  ------------
     FDC:C->Q              5   0.591   0.712  delayCounter_1 (delayCounter_1)
     LUT4_D:I1->O          3   0.704   0.535  delayCounter_mux0000<4>11 (N5)
     LUT4_D:I3->O          7   0.704   0.787  delayDone1 (delayDone)
     LUT2:I1->O            1   0.704   0.000  state_FSM_FFd11-In1 (state_FSM_FFd11-In)
     FDC:D                     0.308          state_FSM_FFd11
    ----------------------------------------
    Total                      5.045ns (3.011ns logic, 2.034ns route)
                                       (59.7% logic, 40.3% route)

=========================================================================
Timing constraint: Default period analysis for Clock 'clk50'
  Clock period: 5.031ns (frequency: 198.768MHz)
  Total number of paths / destination ports: 109 / 10
-------------------------------------------------------------------------
Delay:               5.031ns (Levels of Logic = 9)
  Source:            clockCounter_1 (FF)
  Destination:       clockCounter_7 (FF)
  Source Clock:      clk50 rising
  Destination Clock: clk50 rising

  Data Path: clockCounter_1 to clockCounter_7
                                Gate     Net
    Cell:in->out      fanout   Delay   Delay  Logical Name (Net Name)
    ----------------------------------------  ------------
     FDC:C->Q              3   0.591   0.706  clockCounter_1 (clockCounter_1)
     LUT1:I0->O            1   0.704   0.000  Mcount_clockCounter_cy<1>_rt (Mcount_clockCounter_cy<1>_rt)
     MUXCY:S->O            1   0.464   0.000  Mcount_clockCounter_cy<1> (Mcount_clockCounter_cy<1>)
     MUXCY:CI->O           1   0.059   0.000  Mcount_clockCounter_cy<2> (Mcount_clockCounter_cy<2>)
     MUXCY:CI->O           1   0.059   0.000  Mcount_clockCounter_cy<3> (Mcount_clockCounter_cy<3>)
     MUXCY:CI->O           1   0.059   0.000  Mcount_clockCounter_cy<4> (Mcount_clockCounter_cy<4>)
     MUXCY:CI->O           1   0.059   0.000  Mcount_clockCounter_cy<5> (Mcount_clockCounter_cy<5>)
     MUXCY:CI->O           0   0.059   0.000  Mcount_clockCounter_cy<6> (Mcount_clockCounter_cy<6>)
     XORCY:CI->O           1   0.804   0.455  Mcount_clockCounter_xor<7> (Result<7>)
     LUT3:I2->O            1   0.704   0.000  Mcount_clockCounter_eqn_71 (Mcount_clockCounter_eqn_7)
     FDC:D                     0.308          clockCounter_7
    ----------------------------------------
    Total                      5.031ns (3.870ns logic, 1.161ns route)
                                       (76.9% logic, 23.1% route)

=========================================================================
Timing constraint: Default OFFSET IN BEFORE for Clock 'clk4001'
  Total number of paths / destination ports: 4 / 4
-------------------------------------------------------------------------
Offset:              2.992ns (Levels of Logic = 2)
  Source:            SDin (PAD)
  Destination:       u0/u1/received_0 (FF)
  Destination Clock: clk4001 rising

  Data Path: SDin to u0/u1/received_0
                                Gate     Net
    Cell:in->out      fanout   Delay   Delay  Logical Name (Net Name)
    ----------------------------------------  ------------
     IBUF:I->O             4   1.218   0.762  SDin_IBUF (SDin_IBUF)
     LUT3:I0->O            1   0.704   0.000  u0/u1/received_mux0000<7>1 (u0/u1/received_mux0000<7>)
     FDCE:D                    0.308          u0/u1/received_0
    ----------------------------------------
    Total                      2.992ns (2.230ns logic, 0.762ns route)
                                       (74.5% logic, 25.5% route)

=========================================================================
Timing constraint: Default OFFSET OUT AFTER for Clock 'clk4001'
  Total number of paths / destination ports: 30 / 3
-------------------------------------------------------------------------
Offset:              9.188ns (Levels of Logic = 6)
  Source:            u0/u0/count_0 (FF)
  Destination:       SDout (PAD)
  Source Clock:      clk4001 rising

  Data Path: u0/u0/count_0 to SDout
                                Gate     Net
    Cell:in->out      fanout   Delay   Delay  Logical Name (Net Name)
    ----------------------------------------  ------------
     FDC:C->Q             10   0.591   1.057  u0/u0/count_0 (u0/u0/count_0)
     LUT3:I0->O            1   0.704   0.000  u0/u0/Mmux__varindex0000_9 (u0/u0/Mmux__varindex0000_9)
     MUXF5:I1->O           1   0.321   0.499  u0/u0/Mmux__varindex0000_8_f5 (u0/u0/Mmux__varindex0000_8_f5)
     LUT4:I1->O            1   0.704   0.000  u0/u0/Mmux__varindex0000_3 (u0/u0/Mmux__varindex0000_3)
     MUXF5:I1->O           1   0.321   0.595  u0/u0/Mmux__varindex0000_2_f5 (u0/u0/_varindex00001)
     LUT4:I0->O            1   0.704   0.420  u0/u0/SDout1 (SDout_OBUF)
     OBUF:I->O                 3.272          SDout_OBUF (SDout)
    ----------------------------------------
    Total                      9.188ns (6.617ns logic, 2.571ns route)
                                       (72.0% logic, 28.0% route)

=========================================================================
Timing constraint: Default OFFSET OUT AFTER for Clock 'clk50'
  Total number of paths / destination ports: 1 / 1
-------------------------------------------------------------------------
Offset:              4.394ns (Levels of Logic = 1)
  Source:            clk400 (FF)
  Destination:       SDclk (PAD)
  Source Clock:      clk50 rising

  Data Path: clk400 to SDclk
                                Gate     Net
    Cell:in->out      fanout   Delay   Delay  Logical Name (Net Name)
    ----------------------------------------  ------------
     FDCE:C->Q             3   0.591   0.531  clk400 (clk4001)
     OBUF:I->O                 3.272          SDclk_OBUF (SDclk)
    ----------------------------------------
    Total                      4.394ns (3.863ns logic, 0.531ns route)
                                       (87.9% logic, 12.1% route)

=========================================================================


Total REAL time to Xst completion: 8.00 secs
Total CPU time to Xst completion: 7.67 secs
 
--> 

Total memory usage is 215372 kilobytes

Number of errors   :    0 (   0 filtered)
Number of warnings :   57 (   0 filtered)
Number of infos    :    5 (   0 filtered)

