Command line:
   VGA_TB_isim_beh.exe
     -simmode  gui
     -simrunnum  0
     -socket  3525

Thu Mar 03 00:14:37 2011


 Elaboration Time: 0.0936 sec

 Current Memory Usage: 802.238 Meg

 Total Signals          : 131
 Total Nets             : 297
 Total Signal Drivers   : 71
 Total Blocks           : 19
 Total Primitive Blocks : 14
 Total Processes        : 87
 Total Traceable Variables  : 321
 Total Scalar Nets and Variables : 589587
Total Line Count : 426
Total Line Count : 426

 Total Simulation Time: 36.4262 sec

 Current Memory Usage: 645.411 Meg

Thu Mar 03 00:56:29 2011

